<?xml version="1.0" encoding="UTF-8"?>
<!-- Generated by org.testng.reporters.JUnitXMLReporter -->
<testsuite ignored="0" hostname="DESKTOP-MMFBV0H" failures="0" tests="8" name="mobileWorld" time="56.419" errors="0" timestamp="2022-06-17T06:12:07 IST">
  <testcase classname="mobileWorld.Launch" name="Lanching_the_Browser" time="6.68"/>
  <testcase classname="mobileWorld.Search" name="search" time="3.845"/>
  <testcase classname="mobileWorld.Search" name="Order" time="6.358"/>
  <testcase classname="mobileWorld.Launch" name="Lanching_the_Browser" time="5.807"/>
  <testcase classname="mobileWorld.Login" name="Sigup_for_mobiles" time="6.796"/>
  <testcase classname="mobileWorld.Launch" name="Lanching_the_Browser" time="10.029"/>
  <testcase classname="mobileWorld.Launch" name="Lanching_the_Browser" time="11.534"/>
  <testcase classname="mobileWorld.contact" name="contactUs" time="5.246"/>
</testsuite> <!-- mobileWorld -->
