<?xml version="1.0" encoding="UTF-8"?>
<testng-results ignored="0" total="2" passed="2" failed="0" skipped="0">
  <reporter-output>
  </reporter-output>
  <suite started-at="2022-06-17T06:18:03 IST" name="Default suite" finished-at="2022-06-17T06:18:22 IST" duration-ms="19107">
    <groups>
    </groups>
    <test started-at="2022-06-17T06:18:03 IST" name="Default test" finished-at="2022-06-17T06:18:22 IST" duration-ms="19107">
      <class name="mobileWorld.contact">
        <test-method signature="Lanching_the_Browser()[pri:0, instance:mobileWorld.contact@50a638b5]" started-at="2022-06-17T06:18:03 IST" name="Lanching_the_Browser" finished-at="2022-06-17T06:18:15 IST" duration-ms="12607" status="PASS">
          <reporter-output>
          </reporter-output>
        </test-method> <!-- Lanching_the_Browser -->
        <test-method signature="contactUs()[pri:4, instance:mobileWorld.contact@50a638b5]" started-at="2022-06-17T06:18:15 IST" name="contactUs" finished-at="2022-06-17T06:18:22 IST" duration-ms="6412" status="PASS">
          <reporter-output>
          </reporter-output>
        </test-method> <!-- contactUs -->
      </class> <!-- mobileWorld.contact -->
    </test> <!-- Default test -->
  </suite> <!-- Default suite -->
</testng-results>
